build/app/intermediates/manifest_merge_blame_file/release/processReleaseMainManifest/manifest-merger-blame-release-report.txt
1<?xml version="1.0" encoding="utf-8"?>
2<manifest xmlns:android="http://schemas.android.com/apk/res/android"
3    package="com.example.printer_bluetooth_server_app"
4    android:versionCode="1"
5    android:versionName="1.0.0" >
6
7    <uses-sdk
8        android:minSdkVersion="21"
9        android:targetSdkVersion="35" />
10    <!-- Bluetooth permissions -->
11    <uses-permission android:name="android.permission.BLUETOOTH" />
11-->src\main\AndroidManifest.xml:3:5-68
11-->src\main\AndroidManifest.xml:3:22-65
12    <uses-permission android:name="android.permission.BLUETOOTH_ADMIN" />
12-->src\main\AndroidManifest.xml:4:5-74
12-->src\main\AndroidManifest.xml:4:22-71
13    <uses-permission android:name="android.permission.BLUETOOTH_CONNECT" />
13-->src\main\AndroidManifest.xml:5:5-76
13-->src\main\AndroidManifest.xml:5:22-73
14    <uses-permission android:name="android.permission.BLUETOOTH_SCAN" />
14-->src\main\AndroidManifest.xml:6:5-73
14-->src\main\AndroidManifest.xml:6:22-70
15
16    <!-- Internet permission for local server -->
17    <uses-permission android:name="android.permission.INTERNET" />
17-->src\main\AndroidManifest.xml:9:5-67
17-->src\main\AndroidManifest.xml:9:22-64
18
19    <!-- Feature declaration -->
20    <uses-feature
20-->src\main\AndroidManifest.xml:12:5-87
21        android:name="android.hardware.bluetooth"
21-->src\main\AndroidManifest.xml:12:19-60
22        android:required="true" />
22-->src\main\AndroidManifest.xml:12:61-84
23    <!--
24         Required to query activities that can process text, see:
25         https://developer.android.com/training/package-visibility and
26         https://developer.android.com/reference/android/content/Intent#ACTION_PROCESS_TEXT.
27
28         In particular, this is used by the Flutter engine in io.flutter.plugin.text.ProcessTextPlugin.
29    -->
30    <queries>
30-->src\main\AndroidManifest.xml:51:5-56:15
31        <intent>
31-->src\main\AndroidManifest.xml:52:9-55:18
32            <action android:name="android.intent.action.PROCESS_TEXT" />
32-->src\main\AndroidManifest.xml:53:13-72
32-->src\main\AndroidManifest.xml:53:21-70
33
34            <data android:mimeType="text/plain" />
34-->src\main\AndroidManifest.xml:54:13-50
34-->src\main\AndroidManifest.xml:54:19-48
35        </intent>
36    </queries>
37
38    <uses-permission android:name="android.permission.ACCESS_COARSE_LOCATION" />
38-->[:blue_thermal_printer] AndroidManifest.xml:7:5-81
38-->[:blue_thermal_printer] AndroidManifest.xml:7:22-78
39    <!--
40         Needed only if your app looks for Bluetooth devices.
41         You must add an attribute to this permission, or declare the
42         ACCESS_FINE_LOCATION permission, depending on the results when you
43         check location usage in your app.
44    -->
45    <uses-permission android:name="android.permission.ACCESS_FINE_LOCATION" />
45-->[:blue_thermal_printer] AndroidManifest.xml:18:5-79
45-->[:blue_thermal_printer] AndroidManifest.xml:18:22-76
46    <!--
47         Needed only if your app makes the device discoverable to Bluetooth
48         devices.
49    -->
50    <uses-permission android:name="android.permission.BLUETOOTH_ADVERTISE" />
50-->[:blue_thermal_printer] AndroidManifest.xml:25:5-78
50-->[:blue_thermal_printer] AndroidManifest.xml:25:22-75
51
52    <permission
52-->[androidx.core:core:1.13.1] AndroidManifest.xml:22:5-24:47
53        android:name="com.example.printer_bluetooth_server_app.DYNAMIC_RECEIVER_NOT_EXPORTED_PERMISSION"
53-->[androidx.core:core:1.13.1] AndroidManifest.xml:23:9-81
54        android:protectionLevel="signature" />
54-->[androidx.core:core:1.13.1] AndroidManifest.xml:24:9-44
55
56    <uses-permission android:name="com.example.printer_bluetooth_server_app.DYNAMIC_RECEIVER_NOT_EXPORTED_PERMISSION" />
56-->[androidx.core:core:1.13.1] AndroidManifest.xml:26:5-97
56-->[androidx.core:core:1.13.1] AndroidManifest.xml:26:22-94
57    <uses-permission android:name="android.permission.CAMERA" /> <!-- Don't require camera, as this requires a rear camera. This allows it to work on the Nexus 7 -->
57-->[com.journeyapps:zxing-android-embedded:3.6.0] AndroidManifest.xml:22:5-65
57-->[com.journeyapps:zxing-android-embedded:3.6.0] AndroidManifest.xml:22:22-62
58    <uses-feature
58-->[com.journeyapps:zxing-android-embedded:3.6.0] AndroidManifest.xml:25:5-27:36
59        android:name="android.hardware.camera"
59-->[com.journeyapps:zxing-android-embedded:3.6.0] AndroidManifest.xml:26:9-47
60        android:required="false" />
60-->[com.journeyapps:zxing-android-embedded:3.6.0] AndroidManifest.xml:27:9-33
61    <uses-feature
61-->[com.journeyapps:zxing-android-embedded:3.6.0] AndroidManifest.xml:28:5-30:36
62        android:name="android.hardware.camera.front"
62-->[com.journeyapps:zxing-android-embedded:3.6.0] AndroidManifest.xml:29:9-53
63        android:required="false" /> <!-- TODO replace above two with next line after Android 4.2 -->
63-->[com.journeyapps:zxing-android-embedded:3.6.0] AndroidManifest.xml:30:9-33
64    <!-- <uses-feature android:name="android.hardware.camera.any"/> -->
65    <uses-feature
65-->[com.journeyapps:zxing-android-embedded:3.6.0] AndroidManifest.xml:33:5-35:36
66        android:name="android.hardware.camera.autofocus"
66-->[com.journeyapps:zxing-android-embedded:3.6.0] AndroidManifest.xml:34:9-57
67        android:required="false" />
67-->[com.journeyapps:zxing-android-embedded:3.6.0] AndroidManifest.xml:35:9-33
68    <uses-feature
68-->[com.journeyapps:zxing-android-embedded:3.6.0] AndroidManifest.xml:36:5-38:36
69        android:name="android.hardware.camera.flash"
69-->[com.journeyapps:zxing-android-embedded:3.6.0] AndroidManifest.xml:37:9-53
70        android:required="false" />
70-->[com.journeyapps:zxing-android-embedded:3.6.0] AndroidManifest.xml:38:9-33
71    <uses-feature
71-->[com.journeyapps:zxing-android-embedded:3.6.0] AndroidManifest.xml:39:5-41:36
72        android:name="android.hardware.screen.landscape"
72-->[com.journeyapps:zxing-android-embedded:3.6.0] AndroidManifest.xml:40:9-57
73        android:required="false" />
73-->[com.journeyapps:zxing-android-embedded:3.6.0] AndroidManifest.xml:41:9-33
74    <uses-feature
74-->[com.journeyapps:zxing-android-embedded:3.6.0] AndroidManifest.xml:42:5-44:36
75        android:name="android.hardware.wifi"
75-->[com.journeyapps:zxing-android-embedded:3.6.0] AndroidManifest.xml:43:9-45
76        android:required="false" />
76-->[com.journeyapps:zxing-android-embedded:3.6.0] AndroidManifest.xml:44:9-33
77
78    <application
79        android:name="android.app.Application"
79-->src\main\AndroidManifest.xml:16:9-42
80        android:appComponentFactory="androidx.core.app.CoreComponentFactory"
80-->[androidx.core:core:1.13.1] AndroidManifest.xml:28:18-86
81        android:extractNativeLibs="true"
82        android:icon="@mipmap/ic_launcher"
82-->src\main\AndroidManifest.xml:17:9-43
83        android:label="PrintGateway" >
83-->src\main\AndroidManifest.xml:15:9-37
84        <activity
84-->src\main\AndroidManifest.xml:18:9-39:20
85            android:name="com.example.printer_bluetooth_server_app.MainActivity"
85-->src\main\AndroidManifest.xml:19:13-41
86            android:configChanges="orientation|keyboardHidden|keyboard|screenSize|smallestScreenSize|locale|layoutDirection|fontScale|screenLayout|density|uiMode"
86-->src\main\AndroidManifest.xml:24:13-163
87            android:exported="true"
87-->src\main\AndroidManifest.xml:20:13-36
88            android:hardwareAccelerated="true"
88-->src\main\AndroidManifest.xml:25:13-47
89            android:launchMode="singleTop"
89-->src\main\AndroidManifest.xml:21:13-43
90            android:taskAffinity=""
90-->src\main\AndroidManifest.xml:22:13-36
91            android:theme="@style/LaunchTheme"
91-->src\main\AndroidManifest.xml:23:13-47
92            android:windowSoftInputMode="adjustResize" >
92-->src\main\AndroidManifest.xml:26:13-55
93
94            <!--
95                 Specifies an Android theme to apply to this Activity as soon as
96                 the Android process has started. This theme is visible to the user
97                 while the Flutter UI initializes. After that, this theme continues
98                 to determine the Window background behind the Flutter UI.
99            -->
100            <meta-data
100-->src\main\AndroidManifest.xml:31:13-34:17
101                android:name="io.flutter.embedding.android.NormalTheme"
101-->src\main\AndroidManifest.xml:32:15-70
102                android:resource="@style/NormalTheme" />
102-->src\main\AndroidManifest.xml:33:15-52
103
104            <intent-filter>
104-->src\main\AndroidManifest.xml:35:13-38:29
105                <action android:name="android.intent.action.MAIN" />
105-->src\main\AndroidManifest.xml:36:17-68
105-->src\main\AndroidManifest.xml:36:25-66
106
107                <category android:name="android.intent.category.LAUNCHER" />
107-->src\main\AndroidManifest.xml:37:17-76
107-->src\main\AndroidManifest.xml:37:27-74
108            </intent-filter>
109        </activity>
110        <!--
111             Don't delete the meta-data below.
112             This is used by the Flutter tool to generate GeneratedPluginRegistrant.java
113        -->
114        <meta-data
114-->src\main\AndroidManifest.xml:42:9-44:33
115            android:name="flutterEmbedding"
115-->src\main\AndroidManifest.xml:43:13-44
116            android:value="2" />
116-->src\main\AndroidManifest.xml:44:13-30
117
118        <provider
118-->[androidx.emoji2:emoji2:1.0.0] AndroidManifest.xml:26:9-34:20
119            android:name="androidx.startup.InitializationProvider"
119-->[androidx.emoji2:emoji2:1.0.0] AndroidManifest.xml:27:13-67
120            android:authorities="com.example.printer_bluetooth_server_app.androidx-startup"
120-->[androidx.emoji2:emoji2:1.0.0] AndroidManifest.xml:28:13-68
121            android:exported="false" >
121-->[androidx.emoji2:emoji2:1.0.0] AndroidManifest.xml:29:13-37
122            <meta-data
122-->[androidx.emoji2:emoji2:1.0.0] AndroidManifest.xml:31:13-33:52
123                android:name="androidx.emoji2.text.EmojiCompatInitializer"
123-->[androidx.emoji2:emoji2:1.0.0] AndroidManifest.xml:32:17-75
124                android:value="androidx.startup" />
124-->[androidx.emoji2:emoji2:1.0.0] AndroidManifest.xml:33:17-49
125            <meta-data
125-->[androidx.lifecycle:lifecycle-process:2.7.0] AndroidManifest.xml:29:13-31:52
126                android:name="androidx.lifecycle.ProcessLifecycleInitializer"
126-->[androidx.lifecycle:lifecycle-process:2.7.0] AndroidManifest.xml:30:17-78
127                android:value="androidx.startup" />
127-->[androidx.lifecycle:lifecycle-process:2.7.0] AndroidManifest.xml:31:17-49
128            <meta-data
128-->[androidx.profileinstaller:profileinstaller:1.3.1] AndroidManifest.xml:29:13-31:52
129                android:name="androidx.profileinstaller.ProfileInstallerInitializer"
129-->[androidx.profileinstaller:profileinstaller:1.3.1] AndroidManifest.xml:30:17-85
130                android:value="androidx.startup" />
130-->[androidx.profileinstaller:profileinstaller:1.3.1] AndroidManifest.xml:31:17-49
131        </provider>
132
133        <uses-library
133-->[androidx.window:window:1.2.0] AndroidManifest.xml:23:9-25:40
134            android:name="androidx.window.extensions"
134-->[androidx.window:window:1.2.0] AndroidManifest.xml:24:13-54
135            android:required="false" />
135-->[androidx.window:window:1.2.0] AndroidManifest.xml:25:13-37
136        <uses-library
136-->[androidx.window:window:1.2.0] AndroidManifest.xml:26:9-28:40
137            android:name="androidx.window.sidecar"
137-->[androidx.window:window:1.2.0] AndroidManifest.xml:27:13-51
138            android:required="false" />
138-->[androidx.window:window:1.2.0] AndroidManifest.xml:28:13-37
139
140        <receiver
140-->[androidx.profileinstaller:profileinstaller:1.3.1] AndroidManifest.xml:34:9-52:20
141            android:name="androidx.profileinstaller.ProfileInstallReceiver"
141-->[androidx.profileinstaller:profileinstaller:1.3.1] AndroidManifest.xml:35:13-76
142            android:directBootAware="false"
142-->[androidx.profileinstaller:profileinstaller:1.3.1] AndroidManifest.xml:36:13-44
143            android:enabled="true"
143-->[androidx.profileinstaller:profileinstaller:1.3.1] AndroidManifest.xml:37:13-35
144            android:exported="true"
144-->[androidx.profileinstaller:profileinstaller:1.3.1] AndroidManifest.xml:38:13-36
145            android:permission="android.permission.DUMP" >
145-->[androidx.profileinstaller:profileinstaller:1.3.1] AndroidManifest.xml:39:13-57
146            <intent-filter>
146-->[androidx.profileinstaller:profileinstaller:1.3.1] AndroidManifest.xml:40:13-42:29
147                <action android:name="androidx.profileinstaller.action.INSTALL_PROFILE" />
147-->[androidx.profileinstaller:profileinstaller:1.3.1] AndroidManifest.xml:41:17-91
147-->[androidx.profileinstaller:profileinstaller:1.3.1] AndroidManifest.xml:41:25-88
148            </intent-filter>
149            <intent-filter>
149-->[androidx.profileinstaller:profileinstaller:1.3.1] AndroidManifest.xml:43:13-45:29
150                <action android:name="androidx.profileinstaller.action.SKIP_FILE" />
150-->[androidx.profileinstaller:profileinstaller:1.3.1] AndroidManifest.xml:44:17-85
150-->[androidx.profileinstaller:profileinstaller:1.3.1] AndroidManifest.xml:44:25-82
151            </intent-filter>
152            <intent-filter>
152-->[androidx.profileinstaller:profileinstaller:1.3.1] AndroidManifest.xml:46:13-48:29
153                <action android:name="androidx.profileinstaller.action.SAVE_PROFILE" />
153-->[androidx.profileinstaller:profileinstaller:1.3.1] AndroidManifest.xml:47:17-88
153-->[androidx.profileinstaller:profileinstaller:1.3.1] AndroidManifest.xml:47:25-85
154            </intent-filter>
155            <intent-filter>
155-->[androidx.profileinstaller:profileinstaller:1.3.1] AndroidManifest.xml:49:13-51:29
156                <action android:name="androidx.profileinstaller.action.BENCHMARK_OPERATION" />
156-->[androidx.profileinstaller:profileinstaller:1.3.1] AndroidManifest.xml:50:17-95
156-->[androidx.profileinstaller:profileinstaller:1.3.1] AndroidManifest.xml:50:25-92
157            </intent-filter>
158        </receiver>
159
160        <activity
160-->[com.journeyapps:zxing-android-embedded:3.6.0] AndroidManifest.xml:47:9-53:63
161            android:name="com.journeyapps.barcodescanner.CaptureActivity"
161-->[com.journeyapps:zxing-android-embedded:3.6.0] AndroidManifest.xml:48:13-74
162            android:clearTaskOnLaunch="true"
162-->[com.journeyapps:zxing-android-embedded:3.6.0] AndroidManifest.xml:49:13-45
163            android:screenOrientation="sensorLandscape"
163-->[com.journeyapps:zxing-android-embedded:3.6.0] AndroidManifest.xml:50:13-56
164            android:stateNotNeeded="true"
164-->[com.journeyapps:zxing-android-embedded:3.6.0] AndroidManifest.xml:51:13-42
165            android:theme="@style/zxing_CaptureTheme"
165-->[com.journeyapps:zxing-android-embedded:3.6.0] AndroidManifest.xml:52:13-54
166            android:windowSoftInputMode="stateAlwaysHidden" />
166-->[com.journeyapps:zxing-android-embedded:3.6.0] AndroidManifest.xml:53:13-60
167    </application>
168
169</manifest>